<?xml version="1.0" encoding="UTF-8"?>
<!-- Generated by org.testng.reporters.JUnitReportReporter -->
<testsuite skipped="0" hostname="SARJERAO-PC" name="com.qa.rest.test.Test6_GroovyFeatures" tests="4" failures="0" timestamp="30 Jun 2019 18:21:37 GMT" time="2.957" errors="0">
  <testcase name="testElementPresent" time="0.689" classname="com.qa.rest.test.Test6_GroovyFeatures"/>
  <testcase name="testConditionsOnList" time="0.636" classname="com.qa.rest.test.Test6_GroovyFeatures"/>
  <testcase name="testLengthOfResponse" time="1.043" classname="com.qa.rest.test.Test6_GroovyFeatures"/>
  <testcase name="testGetResponseAsList" time="0.589" classname="com.qa.rest.test.Test6_GroovyFeatures"/>
</testsuite> <!-- com.qa.rest.test.Test6_GroovyFeatures -->
