<?xml version="1.0" encoding="UTF-8"?>
<!-- Generated by org.testng.reporters.JUnitReportReporter -->
<testsuite skipped="0" hostname="SARJERAO-PC" name="com.qa.rest.test.Test5_ReadResponseDiffWays" tests="6" failures="0" timestamp="30 Jun 2019 18:21:37 GMT" time="13.424" errors="0">
  <testcase name="testGetResponseAsString" time="0.638" classname="com.qa.rest.test.Test5_ReadResponseDiffWays"/>
  <testcase name="testExtractDetailsUsingPath" time="4.478" classname="com.qa.rest.test.Test5_ReadResponseDiffWays"/>
  <testcase name="testGetResponseAsInputStream" time="0.642" classname="com.qa.rest.test.Test5_ReadResponseDiffWays"/>
  <testcase name="testExtractDetailsUsingPathInOneLine" time="6.390" classname="com.qa.rest.test.Test5_ReadResponseDiffWays"/>
  <testcase name="testExtractDetailsUsingResponse" time="0.327" classname="com.qa.rest.test.Test5_ReadResponseDiffWays"/>
  <testcase name="testGetResponseAsByteArray" time="0.949" classname="com.qa.rest.test.Test5_ReadResponseDiffWays"/>
</testsuite> <!-- com.qa.rest.test.Test5_ReadResponseDiffWays -->
